<?xml version="1.0" encoding="UTF-8"?>
<!-- Generated by org.testng.reporters.JUnitReportReporter -->
<testsuite hostname="C4HSZY2" failures="0" tests="2" name="com.te.qa.smokeTestScripts.VerifyAllLinks" time="23.683" errors="0" timestamp="2020-08-10T16:14:13 IST" skipped="0">
  <testcase classname="com.te.qa.smokeTestScripts.VerifyAllLinks" name="launch" time="18.775"/>
  <system-out/>
  <testcase classname="com.te.qa.smokeTestScripts.VerifyAllLinks" name="verifyAndListLinks" time="4.908"/>
  <system-out/>
</testsuite> <!-- com.te.qa.smokeTestScripts.VerifyAllLinks -->
