<?xml version="1.0" encoding="UTF-8"?>
<!-- Generated by org.testng.reporters.JUnitReportReporter -->
<testsuite hostname="C4HSZY2" failures="0" tests="5" name="com.te.qa.smokeTestScripts.TrackOrderDetails" time="19.845" errors="0" timestamp="2020-08-07T19:12:37 IST" skipped="0">
  <testcase classname="com.te.qa.smokeTestScripts.TrackOrderDetails" name="launch" time="17.271"/>
  <system-out/>
  <testcase classname="com.te.qa.smokeTestScripts.TrackOrderDetails" name="clickTrackOnOrder" time="2.251"/>
  <system-out/>
  <testcase classname="com.te.qa.smokeTestScripts.TrackOrderDetails" name="enterEmailAddress" time="0.106"/>
  <system-out/>
  <testcase classname="com.te.qa.smokeTestScripts.TrackOrderDetails" name="enterorderNo" time="0.071"/>
  <system-out/>
  <testcase classname="com.te.qa.smokeTestScripts.TrackOrderDetails" name="viewOrderDetails" time="0.146"/>
  <system-out/>
</testsuite> <!-- com.te.qa.smokeTestScripts.TrackOrderDetails -->
