<?xml version="1.0" encoding="UTF-8"?>
<!-- Generated by org.testng.reporters.JUnitReportReporter -->
<testsuite hostname="C4HSZY2" failures="0" tests="3" name="com.te.qa.testngOptions.GroupsTest" time="0.009" errors="0" timestamp="2020-07-14T22:47:11 IST" skipped="0">
  <testcase classname="com.te.qa.testngOptions.GroupsTest" name="test2" time="0.001"/>
  <system-out/>
  <testcase classname="com.te.qa.testngOptions.GroupsTest" name="test1" time="0.007"/>
  <system-out/>
  <testcase classname="com.te.qa.testngOptions.GroupsTest" name="test3" time="0.001"/>
  <system-out/>
</testsuite> <!-- com.te.qa.testngOptions.GroupsTest -->
