<?xml version="1.0" encoding="UTF-8"?>
<!-- Generated by org.testng.reporters.JUnitReportReporter -->
<testsuite hostname="C4HSZY2" failures="0" tests="2" name="com.te.qa.smokeTestScripts.VerifyLiveChat" time="25.243" errors="0" timestamp="2020-09-11T17:57:09 IST" skipped="0">
  <testcase classname="com.te.qa.smokeTestScripts.VerifyLiveChat" name="launch" time="10.894"/>
  <system-out/>
  <testcase classname="com.te.qa.smokeTestScripts.VerifyLiveChat" name="ClickOnLiveChat" time="14.349"/>
  <system-out/>
</testsuite> <!-- com.te.qa.smokeTestScripts.VerifyLiveChat -->
