<?xml version="1.0" encoding="UTF-8"?>
<!-- Generated by org.testng.reporters.JUnitReportReporter -->
<testsuite hostname="C4HSZY2" failures="0" tests="2" name="com.te.qa.smokeTestScripts.SearchProductTest" time="22.209" errors="0" timestamp="2020-08-06T19:06:23 IST" skipped="0">
  <testcase classname="com.te.qa.smokeTestScripts.SearchProductTest" name="searchProduct" time="5.869"/>
  <system-out/>
  <testcase classname="com.te.qa.smokeTestScripts.SearchProductTest" name="launch" time="16.340"/>
  <system-out/>
</testsuite> <!-- com.te.qa.smokeTestScripts.SearchProductTest -->
