<?xml version="1.0" encoding="UTF-8"?>
<!-- Generated by org.testng.reporters.JUnitReportReporter -->
<testsuite hostname="C4HSZY2" failures="0" tests="1" name="com.te.qa.testngOptions.ParameterizedTest" time="0.006" errors="0" timestamp="2020-07-14T22:48:35 IST" skipped="0">
  <testcase classname="com.te.qa.testngOptions.ParameterizedTest" name="setupBrowser" time="0.006"/>
  <system-out/>
</testsuite> <!-- com.te.qa.testngOptions.ParameterizedTest -->
