<?xml version="1.0" encoding="UTF-8"?>
<!-- Generated by org.testng.reporters.JUnitReportReporter -->
<testsuite hostname="C4HSZY2" failures="0" tests="1" name="com.te.qa.testngOptions.AnnotationsTest" time="0.003" errors="0" timestamp="2020-07-21T20:03:47 IST" skipped="0">
  <testcase classname="com.te.qa.testngOptions.AnnotationsTest" name="test" time="0.003"/>
  <system-out/>
</testsuite> <!-- com.te.qa.testngOptions.AnnotationsTest -->
