<?xml version="1.0" encoding="UTF-8"?>
<!-- Generated by org.testng.reporters.JUnitReportReporter -->
<testsuite hostname="C4HSZY2" failures="0" tests="1" name="com.te.qa.utils.ExcelDataProvider" time="0.005" errors="0" timestamp="2020-07-14T19:40:57 IST" skipped="0">
  <testcase classname="com.te.qa.utils.ExcelDataProvider" name="test1" time="0.005"/>
  <system-out/>
</testsuite> <!-- com.te.qa.utils.ExcelDataProvider -->
