<?xml version="1.0" encoding="UTF-8"?>
<!-- Generated by org.testng.reporters.JUnitReportReporter -->
<testsuite hostname="C4HSZY2" failures="0" tests="1" name="com.te.qa.dataBase.DataBase_Helper" time="0.615" errors="0" timestamp="2020-06-29T14:46:59 IST" skipped="0">
  <testcase classname="com.te.qa.dataBase.DataBase_Helper" name="testDB" time="0.615"/>
  <system-out/>
</testsuite> <!-- com.te.qa.dataBase.DataBase_Helper -->
