<?xml version="1.0" encoding="UTF-8"?>
<!-- Generated by org.testng.reporters.JUnitReportReporter -->
<testsuite hostname="C4HSZY2" failures="0" tests="14" name="com.te.qa.testngOptions.InvocationCountTest" time="0.017" errors="0" timestamp="2020-07-14T22:47:40 IST" skipped="0">
  <testcase classname="com.te.qa.testngOptions.InvocationCountTest" name="test1" time="0.001"/>
  <system-out/>
  <testcase classname="com.te.qa.testngOptions.InvocationCountTest" name="test1" time="0.000"/>
  <system-out/>
  <testcase classname="com.te.qa.testngOptions.InvocationCountTest" name="test1" time="0.001"/>
  <system-out/>
  <testcase classname="com.te.qa.testngOptions.InvocationCountTest" name="test5" time="0.000"/>
  <system-out/>
  <testcase classname="com.te.qa.testngOptions.InvocationCountTest" name="test1" time="0.001"/>
  <system-out/>
  <testcase classname="com.te.qa.testngOptions.InvocationCountTest" name="test1" time="0.001"/>
  <system-out/>
  <testcase classname="com.te.qa.testngOptions.InvocationCountTest" name="test2" time="0.001"/>
  <system-out/>
  <testcase classname="com.te.qa.testngOptions.InvocationCountTest" name="test3" time="0.001"/>
  <system-out/>
  <testcase classname="com.te.qa.testngOptions.InvocationCountTest" name="test1" time="0.001"/>
  <system-out/>
  <testcase classname="com.te.qa.testngOptions.InvocationCountTest" name="test4" time="0.001"/>
  <system-out/>
  <testcase classname="com.te.qa.testngOptions.InvocationCountTest" name="test1" time="0.001"/>
  <system-out/>
  <testcase classname="com.te.qa.testngOptions.InvocationCountTest" name="test1" time="0.001"/>
  <system-out/>
  <testcase classname="com.te.qa.testngOptions.InvocationCountTest" name="test1" time="0.001"/>
  <system-out/>
  <testcase classname="com.te.qa.testngOptions.InvocationCountTest" name="test1" time="0.006"/>
  <system-out/>
</testsuite> <!-- com.te.qa.testngOptions.InvocationCountTest -->
