<?xml version="1.0" encoding="UTF-8"?>
<!-- Generated by org.testng.reporters.JUnitReportReporter -->
<testsuite hostname="C4HSZY2" failures="0" tests="2" name="com.te.qa.smokeTestScripts.Verify_Footer" time="17.752" errors="0" timestamp="2020-08-07T16:40:48 IST" skipped="0">
  <testcase classname="com.te.qa.smokeTestScripts.Verify_Footer" name="launch" time="17.523"/>
  <system-out/>
  <testcase classname="com.te.qa.smokeTestScripts.Verify_Footer" name="getFooterMenu" time="0.229"/>
  <system-out/>
</testsuite> <!-- com.te.qa.smokeTestScripts.Verify_Footer -->
