<?xml version="1.0" encoding="UTF-8"?>
<!-- Generated by org.testng.reporters.JUnitReportReporter -->
<testsuite hostname="C4HSZY2" failures="0" tests="1" name="com.te.qa.crossBrowserTest.CrossBrowser_Helper" time="4.693" errors="0" timestamp="2020-06-15T15:40:15 IST" skipped="0">
  <testcase classname="com.te.qa.crossBrowserTest.CrossBrowser_Helper" name="test" time="4.693"/>
  <system-out/>
</testsuite> <!-- com.te.qa.crossBrowserTest.CrossBrowser_Helper -->
