<?xml version="1.0" encoding="UTF-8"?>
<!-- Generated by org.testng.reporters.JUnitReportReporter -->
<testsuite hostname="C4HSZY2" failures="0" tests="5" name="com.te.qa.testngOptions.PriorityTest" time="0.011" errors="0" timestamp="2020-06-26T22:14:58 IST" skipped="0">
  <testcase classname="com.te.qa.testngOptions.PriorityTest" name="test1" time="0.006"/>
  <system-out/>
  <testcase classname="com.te.qa.testngOptions.PriorityTest" name="test2" time="0.002"/>
  <system-out/>
  <testcase classname="com.te.qa.testngOptions.PriorityTest" name="test3" time="0.001"/>
  <system-out/>
  <testcase classname="com.te.qa.testngOptions.PriorityTest" name="test4" time="0.001"/>
  <system-out/>
  <testcase classname="com.te.qa.testngOptions.PriorityTest" name="test5" time="0.001"/>
  <system-out/>
</testsuite> <!-- com.te.qa.testngOptions.PriorityTest -->
