<?xml version="1.0" encoding="UTF-8"?>
<!-- Generated by org.testng.reporters.JUnitReportReporter -->
<testsuite hostname="C4HSZY2" failures="0" tests="6" name="com.te.qa.testngOptions.TestTimeOutTest" time="0.044" errors="0" timestamp="2020-07-14T22:49:37 IST" skipped="0">
  <testcase classname="com.te.qa.testngOptions.TestTimeOutTest" name="test1" time="0.002"/>
  <system-out/>
  <testcase classname="com.te.qa.testngOptions.TestTimeOutTest" name="test2" time="0.002"/>
  <system-out/>
  <testcase classname="com.te.qa.testngOptions.TestTimeOutTest" name="test1" time="0.013"/>
  <system-out/>
  <testcase classname="com.te.qa.testngOptions.TestTimeOutTest" name="test1" time="0.001"/>
  <system-out/>
  <testcase classname="com.te.qa.testngOptions.TestTimeOutTest" name="test1" time="0.013"/>
  <system-out/>
  <testcase classname="com.te.qa.testngOptions.TestTimeOutTest" name="test1" time="0.013"/>
  <system-out/>
</testsuite> <!-- com.te.qa.testngOptions.TestTimeOutTest -->
