<?xml version="1.0" encoding="UTF-8"?>
<!-- Generated by org.testng.reporters.JUnitReportReporter -->
<testsuite hostname="C4HSZY2" failures="0" tests="3" name="com.te.qa.smokeTestScripts.GetListOfProductsFromTEStore" time="26.081" errors="0" timestamp="2020-08-07T14:08:24 IST" skipped="0">
  <testcase classname="com.te.qa.smokeTestScripts.GetListOfProductsFromTEStore" name="launch" time="16.697"/>
  <system-out/>
  <testcase classname="com.te.qa.smokeTestScripts.GetListOfProductsFromTEStore" name="clickOnTEStore" time="9.096"/>
  <system-out/>
  <testcase classname="com.te.qa.smokeTestScripts.GetListOfProductsFromTEStore" name="getListOfProductsFromTEStore" time="0.288"/>
  <system-out/>
</testsuite> <!-- com.te.qa.smokeTestScripts.GetListOfProductsFromTEStore -->
