<?xml version="1.0" encoding="UTF-8"?>
<!-- Generated by org.testng.reporters.JUnitReportReporter -->
<testsuite hostname="C4HSZY2" failures="0" tests="1" name="com.te.qa.headlessBrowsers.HeadlessBrowser" time="10.610" errors="0" timestamp="2020-06-15T17:53:19 IST" skipped="0">
  <testcase classname="com.te.qa.headlessBrowsers.HeadlessBrowser" name="test" time="10.610"/>
  <system-out/>
</testsuite> <!-- com.te.qa.headlessBrowsers.HeadlessBrowser -->
