<?xml version="1.0" encoding="UTF-8"?>
<!-- Generated by org.testng.reporters.JUnitReportReporter -->
<testsuite hostname="C4HSZY2" failures="0" tests="5" name="com.te.qa.tesngGroups.Groups_Helper" time="0.012" errors="0" timestamp="2020-06-26T22:23:15 IST" skipped="0">
  <testcase classname="com.te.qa.tesngGroups.Groups_Helper" name="test5" time="0.001"/>
  <system-out/>
  <testcase classname="com.te.qa.tesngGroups.Groups_Helper" name="test3" time="0.001"/>
  <system-out/>
  <testcase classname="com.te.qa.tesngGroups.Groups_Helper" name="test2" time="0.001"/>
  <system-out/>
  <testcase classname="com.te.qa.tesngGroups.Groups_Helper" name="test1" time="0.008"/>
  <system-out/>
  <testcase classname="com.te.qa.tesngGroups.Groups_Helper" name="test4" time="0.001"/>
  <system-out/>
</testsuite> <!-- com.te.qa.tesngGroups.Groups_Helper -->
