<?xml version="1.0" encoding="UTF-8"?>
<!-- Generated by org.testng.reporters.JUnitReportReporter -->
<testsuite hostname="C4HSZY2" failures="0" tests="2" name="com.te.qa.testngOptions.AssertConditionsTest" time="0.010" errors="0" timestamp="2020-07-14T22:41:18 IST" skipped="0">
  <testcase classname="com.te.qa.testngOptions.AssertConditionsTest" name="test2" time="0.001"/>
  <system-out/>
  <testcase classname="com.te.qa.testngOptions.AssertConditionsTest" name="test1" time="0.009"/>
  <system-out/>
</testsuite> <!-- com.te.qa.testngOptions.AssertConditionsTest -->
