<?xml version="1.0" encoding="UTF-8"?>
<!-- Generated by org.testng.reporters.JUnitReportReporter -->
<testsuite hostname="C4HSZY2" failures="0" tests="1" name="com.te.qa.katalonRecorder.KatalonRecorder_TEScript1" time="11.247" errors="0" timestamp="2020-06-15T17:07:07 IST" skipped="0">
  <testcase classname="com.te.qa.katalonRecorder.KatalonRecorder_TEScript1" name="testUntitledTestCase" time="11.247"/>
  <system-out/>
</testsuite> <!-- com.te.qa.katalonRecorder.KatalonRecorder_TEScript1 -->
