<?xml version="1.0" encoding="UTF-8"?>
<!-- Generated by org.testng.reporters.JUnitReportReporter -->
<testsuite hostname="C4HSZY2" failures="0" tests="5" name="com.te.qa.smokeTestScripts.GetAllProductsList" time="48.043" errors="0" timestamp="2020-08-07T12:35:09 IST" skipped="0">
  <testcase classname="com.te.qa.smokeTestScripts.GetAllProductsList" name="launch" time="21.185"/>
  <system-out/>
  <testcase classname="com.te.qa.smokeTestScripts.GetAllProductsList" name="clickOnProductsTab" time="3.606"/>
  <system-out/>
  <testcase classname="com.te.qa.smokeTestScripts.GetAllProductsList" name="getAll_Products" time="10.248"/>
  <system-out/>
  <testcase classname="com.te.qa.smokeTestScripts.GetAllProductsList" name="getAll_IndustriesAndSolutions" time="10.834"/>
  <system-out/>
  <testcase classname="com.te.qa.smokeTestScripts.GetAllProductsList" name="getAll_browseMostViewedProducts" time="2.170"/>
  <system-out/>
</testsuite> <!-- com.te.qa.smokeTestScripts.GetAllProductsList -->
