<?xml version="1.0" encoding="UTF-8"?>
<!-- Generated by org.testng.reporters.JUnitReportReporter -->
<testsuite hostname="C4HSZY2" failures="0" tests="2" name="com.te.qa.testngOptions.ParallelTest" time="0.022" errors="0" timestamp="2020-07-14T22:57:52 IST" skipped="0">
  <testcase classname="com.te.qa.testngOptions.ParallelTest" name="test1" time="0.011"/>
  <system-out/>
  <testcase classname="com.te.qa.testngOptions.ParallelTest" name="test2" time="0.011"/>
  <system-out/>
</testsuite> <!-- com.te.qa.testngOptions.ParallelTest -->
