<?xml version="1.0" encoding="UTF-8"?>
<!-- Generated by org.testng.reporters.JUnitReportReporter -->
<testsuite hostname="C4HSZY2" failures="0" tests="2" name="com.te.qa.testngOptions.DataProviderTest" time="0.007" errors="0" timestamp="2020-07-14T22:42:30 IST" skipped="0">
  <testcase classname="com.te.qa.testngOptions.DataProviderTest" name="test" time="0.006"/>
  <system-out/>
  <testcase classname="com.te.qa.testngOptions.DataProviderTest" name="test" time="0.001"/>
  <system-out/>
</testsuite> <!-- com.te.qa.testngOptions.DataProviderTest -->
