<?xml version="1.0" encoding="UTF-8"?>
<!-- Generated by org.testng.reporters.JUnitReportReporter -->
<testsuite hostname="C4HSZY2" failures="0" tests="5" name="com.te.qa.testngOptions.DisableTest" time="0.009" errors="0" timestamp="2020-07-14T22:46:34 IST" skipped="1">
  <testcase classname="com.te.qa.testngOptions.DisableTest" name="test4" time="0.001"/>
  <system-out/>
  <testcase classname="com.te.qa.testngOptions.DisableTest" name="test3" time="0.001"/>
  <system-out/>
  <testcase classname="com.te.qa.testngOptions.DisableTest" name="test2" time="0.006"/>
  <system-out/>
  <testcase classname="com.te.qa.testngOptions.DisableTest" name="test5" time="0.001"/>
  <system-out/>
  <testcase classname="com.te.qa.testngOptions.DisableTest" name="test1">
    <skipped/>
  </testcase> <!-- test1 -->
  <system-out/>
</testsuite> <!-- com.te.qa.testngOptions.DisableTest -->
