<?xml version="1.0" encoding="UTF-8"?>
<!-- Generated by org.testng.reporters.JUnitReportReporter -->
<testsuite hostname="C4HSZY2" failures="0" tests="5" name="com.te.qa.testngOptions.IgnoreTest" time="0.010" errors="0" timestamp="2020-06-26T22:12:05 IST" skipped="1">
  <testcase classname="com.te.qa.testngOptions.IgnoreTest" name="test5" time="0.002"/>
  <system-out/>
  <testcase classname="com.te.qa.testngOptions.IgnoreTest" name="test3" time="0.001"/>
  <system-out/>
  <testcase classname="com.te.qa.testngOptions.IgnoreTest" name="test1" time="0.006"/>
  <system-out/>
  <testcase classname="com.te.qa.testngOptions.IgnoreTest" name="test4" time="0.001"/>
  <system-out/>
  <testcase classname="com.te.qa.testngOptions.IgnoreTest" name="test2">
    <skipped/>
  </testcase> <!-- test2 -->
  <system-out/>
</testsuite> <!-- com.te.qa.testngOptions.IgnoreTest -->
