<?xml version="1.0" encoding="UTF-8"?>
<!-- Generated by org.testng.reporters.JUnitReportReporter -->
<testsuite hostname="C4HSZY2" failures="0" tests="2" name="com.te.qa.testScripts.SmokeTest" time="15.692" errors="0" timestamp="2020-07-29T21:19:29 IST" skipped="0">
  <testcase classname="com.te.qa.testScripts.SmokeTest" name="excelTest" time="0.024"/>
  <system-out/>
  <testcase classname="com.te.qa.testScripts.SmokeTest" name="launch" time="15.668"/>
  <system-out/>
</testsuite> <!-- com.te.qa.testScripts.SmokeTest -->
