<?xml version="1.0" encoding="UTF-8"?>
<!-- Generated by org.testng.reporters.JUnitReportReporter -->
<testsuite hostname="C4HSZY2" failures="0" tests="2" name="com.te.qa.smokeTestScripts.VerifyLiveChat" time="27.409" errors="0" timestamp="2020-09-11T17:55:36 IST" skipped="0">
  <testcase classname="com.te.qa.smokeTestScripts.VerifyLiveChat" name="launch" time="13.035"/>
  <system-out/>
  <testcase classname="com.te.qa.smokeTestScripts.VerifyLiveChat" name="ClickOnLiveChat" time="14.374"/>
  <system-out/>
</testsuite> <!-- com.te.qa.smokeTestScripts.VerifyLiveChat -->
